<?xml version="1.0" encoding="UTF-8"?>
<robot generator="Robot 7.3 (Python 3.13.2 on win32)" generated="2025-12-12T17:09:28.526167" rpa="false" schemaversion="5">
<suite id="s1" name="Robot-Framework" source="C:\Users\Michał\Desktop\GIT\Robot-Framework">
<suite id="s1-s1" name="Login validation tests" source="C:\Users\Michał\Desktop\GIT\Robot-Framework\Login_validation_tests">
<suite id="s1-s1-s1" name="Tests" source="C:\Users\Michał\Desktop\GIT\Robot-Framework\Login_validation_tests\Tests">
<suite id="s1-s1-s1-s1" name="Saucedemo" source="C:\Users\Michał\Desktop\GIT\Robot-Framework\Login_validation_tests\Tests\Saucedemo.robot">
<test id="s1-s1-s1-s1-t1" name="Multiple invalid login sceenarios should display correct error messages" line="41">
<kw name="Begin Web Test" owner="Common" type="SETUP">
<kw name="Open Chrome With Disabled Password Manager" owner="Common">
<kw name="Evaluate" owner="BuiltIn">
<msg time="2025-12-12T17:09:28.768275" level="INFO">${chrome_options} = &lt;selenium.webdriver.chrome.options.Options object at 0x0000019E8E592900&gt;</msg>
<var>${chrome_options}</var>
<arg>sys.modules['selenium.webdriver'].ChromeOptions()</arg>
<arg>sys, selenium.webdriver</arg>
<doc>Evaluates the given expression in Python and returns the result.</doc>
<status status="PASS" start="2025-12-12T17:09:28.767980" elapsed="0.000536"/>
</kw>
<kw name="Create Dictionary" owner="BuiltIn">
<msg time="2025-12-12T17:09:28.769024" level="INFO">${prefs} = {'credentials_enable_service': False, 'profile.password_manager_enabled': False, 'profile.password_manager_leak_detection': False}</msg>
<var>${prefs}</var>
<arg>credentials_enable_service=${FALSE}</arg>
<arg>profile.password_manager_enabled=${FALSE}</arg>
<arg>profile.password_manager_leak_detection=${FALSE}</arg>
<doc>Creates and returns a dictionary based on the given ``items``.</doc>
<status status="PASS" start="2025-12-12T17:09:28.768690" elapsed="0.000428"/>
</kw>
<kw name="Call Method" owner="BuiltIn">
<arg>${chrome_options}</arg>
<arg>add_experimental_option</arg>
<arg>prefs</arg>
<arg>${prefs}</arg>
<doc>Calls the named method of the given object with the provided arguments.</doc>
<status status="PASS" start="2025-12-12T17:09:28.769258" elapsed="0.000199"/>
</kw>
<kw name="Call Method" owner="BuiltIn">
<arg>${chrome_options}</arg>
<arg>add_argument</arg>
<arg>--headless</arg>
<doc>Calls the named method of the given object with the provided arguments.</doc>
<status status="PASS" start="2025-12-12T17:09:28.769580" elapsed="0.000225"/>
</kw>
<kw name="Call Method" owner="BuiltIn">
<arg>${chrome_options}</arg>
<arg>add_argument</arg>
<arg>--disable-gpu</arg>
<doc>Calls the named method of the given object with the provided arguments.</doc>
<status status="PASS" start="2025-12-12T17:09:28.769919" elapsed="0.000372"/>
</kw>
<kw name="Create Webdriver" owner="SeleniumLibrary">
<msg time="2025-12-12T17:09:28.770746" level="INFO">Creating an instance of the Chrome WebDriver.</msg>
<arg>Chrome</arg>
<arg>options=${chrome_options}</arg>
<doc>Creates an instance of Selenium WebDriver.</doc>
<status status="PASS" start="2025-12-12T17:09:28.770466" elapsed="1.099747"/>
</kw>
<status status="PASS" start="2025-12-12T17:09:28.767389" elapsed="1.103015"/>
</kw>
<kw name="Maximize Browser Window" owner="SeleniumLibrary">
<doc>Maximizes current browser window.</doc>
<status status="PASS" start="2025-12-12T17:09:29.870561" elapsed="0.023647"/>
</kw>
<status status="PASS" start="2025-12-12T17:09:28.767022" elapsed="1.127411"/>
</kw>
<kw name="Test multiple logins Scenarios" owner="SaucedemoApp">
<kw name="Navigate to &quot;Login&quot; page" owner="SaucedemoApp">
<kw name="Go to the &quot;Login&quot; page" owner="LoginPage">
<kw name="Go To" owner="SeleniumLibrary">
<msg time="2025-12-12T17:09:29.896541" level="INFO">Opening url 'https://www.saucedemo.com/'</msg>
<arg>${LOGIN_PAGE_URL.${ENVIRONMENT}}</arg>
<doc>Navigates the current browser window to the provided ``url``.</doc>
<status status="PASS" start="2025-12-12T17:09:29.895859" elapsed="0.664453"/>
</kw>
<status status="PASS" start="2025-12-12T17:09:29.895590" elapsed="0.664903"/>
</kw>
<kw name="Verify &quot;Login&quot; page loaded" owner="LoginPage">
<kw name="Wait Until Page Contains Element" owner="SeleniumLibrary">
<arg>${LOGIN_COMPONENT}</arg>
<doc>Waits until the element ``locator`` appears on the current page.</doc>
<status status="PASS" start="2025-12-12T17:09:30.561022" elapsed="0.008246"/>
</kw>
<kw name="Wait Until Page Contains Element" owner="SeleniumLibrary">
<arg>${USERNAME_FIELD}</arg>
<doc>Waits until the element ``locator`` appears on the current page.</doc>
<status status="PASS" start="2025-12-12T17:09:30.569481" elapsed="0.007556"/>
</kw>
<kw name="Wait Until Page Contains Element" owner="SeleniumLibrary">
<arg>${PASSWORD_FIELD}</arg>
<doc>Waits until the element ``locator`` appears on the current page.</doc>
<status status="PASS" start="2025-12-12T17:09:30.577310" elapsed="0.021923"/>
</kw>
<kw name="Wait Until Page Contains Element" owner="SeleniumLibrary">
<arg>${LOGIN_BUTTON}</arg>
<doc>Waits until the element ``locator`` appears on the current page.</doc>
<status status="PASS" start="2025-12-12T17:09:30.599551" elapsed="0.007543"/>
</kw>
<kw name="Wait Until Page Contains" owner="SeleniumLibrary">
<arg>${USERNAME_LIST}</arg>
<doc>Waits until ``text`` appears on the current page.</doc>
<status status="PASS" start="2025-12-12T17:09:30.607326" elapsed="0.007427"/>
</kw>
<kw name="Wait Until Page Contains" owner="SeleniumLibrary">
<arg>${PASSWORD_LIST}</arg>
<doc>Waits until ``text`` appears on the current page.</doc>
<status status="PASS" start="2025-12-12T17:09:30.614965" elapsed="0.007057"/>
</kw>
<status status="PASS" start="2025-12-12T17:09:30.560690" elapsed="0.061503"/>
</kw>
<status status="PASS" start="2025-12-12T17:09:29.895293" elapsed="0.727007"/>
</kw>
<kw name="Enter Credenials" owner="LoginPage">
<kw name="Run Keyword If" owner="BuiltIn">
<kw name="Input Text" owner="SeleniumLibrary">
<msg time="2025-12-12T17:09:30.624050" level="INFO">Typing text 'locked_out_user' into text field 'id=user-name'.</msg>
<arg>${USERNAME_FIELD}</arg>
<arg>${Credentials.Username}</arg>
<doc>Types the given ``text`` into the text field identified by ``locator``.</doc>
<status status="PASS" start="2025-12-12T17:09:30.623518" elapsed="0.069803"/>
</kw>
<arg>"${Credentials.Username}" != "#BLANK"</arg>
<arg>Input Text</arg>
<arg>${USERNAME_FIELD}</arg>
<arg>${Credentials.Username}</arg>
<doc>Runs the given keyword with the given arguments, if ``condition`` is true.</doc>
<status status="PASS" start="2025-12-12T17:09:30.622885" elapsed="0.070614"/>
</kw>
<kw name="Run Keyword If" owner="BuiltIn">
<kw name="Input Text" owner="SeleniumLibrary">
<msg time="2025-12-12T17:09:30.694944" level="INFO">Typing text 'secret_sauce' into text field 'id=password'.</msg>
<arg>${PASSWORD_FIELD}</arg>
<arg>${Credentials.Password}</arg>
<doc>Types the given ``text`` into the text field identified by ``locator``.</doc>
<status status="PASS" start="2025-12-12T17:09:30.694379" elapsed="0.048018"/>
</kw>
<arg>"${Credentials.Password}" != "#BLANK"</arg>
<arg>Input Text</arg>
<arg>${PASSWORD_FIELD}</arg>
<arg>${Credentials.Password}</arg>
<doc>Runs the given keyword with the given arguments, if ``condition`` is true.</doc>
<status status="PASS" start="2025-12-12T17:09:30.693691" elapsed="0.048891"/>
</kw>
<kw name="Click Button" owner="SeleniumLibrary">
<msg time="2025-12-12T17:09:30.743110" level="INFO">Clicking button 'id=login-button'.</msg>
<arg>${LOGIN_BUTTON}</arg>
<doc>Clicks the button identified by ``locator``.</doc>
<status status="PASS" start="2025-12-12T17:09:30.742765" elapsed="0.053649"/>
</kw>
<arg>${Credentials}</arg>
<status status="PASS" start="2025-12-12T17:09:30.622510" elapsed="0.174107"/>
</kw>
<kw name="Verify &quot;Error message&quot; is displayed" owner="LoginPage">
<kw name="Wait Until Page Contains Element" owner="SeleniumLibrary">
<arg>${ERROR_MASSAGE}</arg>
<doc>Waits until the element ``locator`` appears on the current page.</doc>
<status status="PASS" start="2025-12-12T17:09:30.797260" elapsed="0.007121"/>
</kw>
<kw name="Wait Until Page Contains" owner="SeleniumLibrary">
<arg>${Credentials.ExpectedErrorMessage}</arg>
<doc>Waits until ``text`` appears on the current page.</doc>
<status status="PASS" start="2025-12-12T17:09:30.804738" elapsed="0.007455"/>
</kw>
<arg>${Credentials}</arg>
<status status="PASS" start="2025-12-12T17:09:30.796839" elapsed="0.015507"/>
</kw>
<arg>${VALID_BLOCKED_USER_CREDENTIALS}</arg>
<status status="PASS" start="2025-12-12T17:09:29.894831" elapsed="0.917619"/>
</kw>
<kw name="Test multiple logins Scenarios" owner="SaucedemoApp">
<kw name="Navigate to &quot;Login&quot; page" owner="SaucedemoApp">
<kw name="Go to the &quot;Login&quot; page" owner="LoginPage">
<kw name="Go To" owner="SeleniumLibrary">
<msg time="2025-12-12T17:09:30.814609" level="INFO">Opening url 'https://www.saucedemo.com/'</msg>
<arg>${LOGIN_PAGE_URL.${ENVIRONMENT}}</arg>
<doc>Navigates the current browser window to the provided ``url``.</doc>
<status status="PASS" start="2025-12-12T17:09:30.813957" elapsed="0.030428"/>
</kw>
<status status="PASS" start="2025-12-12T17:09:30.813693" elapsed="0.030881"/>
</kw>
<kw name="Verify &quot;Login&quot; page loaded" owner="LoginPage">
<kw name="Wait Until Page Contains Element" owner="SeleniumLibrary">
<arg>${LOGIN_COMPONENT}</arg>
<doc>Waits until the element ``locator`` appears on the current page.</doc>
<status status="PASS" start="2025-12-12T17:09:30.845101" elapsed="0.005050"/>
</kw>
<kw name="Wait Until Page Contains Element" owner="SeleniumLibrary">
<arg>${USERNAME_FIELD}</arg>
<doc>Waits until the element ``locator`` appears on the current page.</doc>
<status status="PASS" start="2025-12-12T17:09:30.850305" elapsed="0.004209"/>
</kw>
<kw name="Wait Until Page Contains Element" owner="SeleniumLibrary">
<arg>${PASSWORD_FIELD}</arg>
<doc>Waits until the element ``locator`` appears on the current page.</doc>
<status status="PASS" start="2025-12-12T17:09:30.854679" elapsed="0.005856"/>
</kw>
<kw name="Wait Until Page Contains Element" owner="SeleniumLibrary">
<arg>${LOGIN_BUTTON}</arg>
<doc>Waits until the element ``locator`` appears on the current page.</doc>
<status status="PASS" start="2025-12-12T17:09:30.860745" elapsed="0.005047"/>
</kw>
<kw name="Wait Until Page Contains" owner="SeleniumLibrary">
<arg>${USERNAME_LIST}</arg>
<doc>Waits until ``text`` appears on the current page.</doc>
<status status="PASS" start="2025-12-12T17:09:30.865978" elapsed="0.004316"/>
</kw>
<kw name="Wait Until Page Contains" owner="SeleniumLibrary">
<arg>${PASSWORD_LIST}</arg>
<doc>Waits until ``text`` appears on the current page.</doc>
<status status="PASS" start="2025-12-12T17:09:30.870476" elapsed="0.004713"/>
</kw>
<status status="PASS" start="2025-12-12T17:09:30.844769" elapsed="0.030564"/>
</kw>
<status status="PASS" start="2025-12-12T17:09:30.813382" elapsed="0.062050"/>
</kw>
<kw name="Enter Credenials" owner="LoginPage">
<kw name="Run Keyword If" owner="BuiltIn">
<kw name="Input Text" owner="SeleniumLibrary">
<msg time="2025-12-12T17:09:30.877326" level="INFO">Typing text 'invalid_user' into text field 'id=user-name'.</msg>
<arg>${USERNAME_FIELD}</arg>
<arg>${Credentials.Username}</arg>
<doc>Types the given ``text`` into the text field identified by ``locator``.</doc>
<status status="PASS" start="2025-12-12T17:09:30.876706" elapsed="0.045088"/>
</kw>
<arg>"${Credentials.Username}" != "#BLANK"</arg>
<arg>Input Text</arg>
<arg>${USERNAME_FIELD}</arg>
<arg>${Credentials.Username}</arg>
<doc>Runs the given keyword with the given arguments, if ``condition`` is true.</doc>
<status status="PASS" start="2025-12-12T17:09:30.876020" elapsed="0.045952"/>
</kw>
<kw name="Run Keyword If" owner="BuiltIn">
<kw name="Input Text" owner="SeleniumLibrary">
<msg time="2025-12-12T17:09:30.923441" level="INFO">Typing text 'invalid_password' into text field 'id=password'.</msg>
<arg>${PASSWORD_FIELD}</arg>
<arg>${Credentials.Password}</arg>
<doc>Types the given ``text`` into the text field identified by ``locator``.</doc>
<status status="PASS" start="2025-12-12T17:09:30.922866" elapsed="0.048081"/>
</kw>
<arg>"${Credentials.Password}" != "#BLANK"</arg>
<arg>Input Text</arg>
<arg>${PASSWORD_FIELD}</arg>
<arg>${Credentials.Password}</arg>
<doc>Runs the given keyword with the given arguments, if ``condition`` is true.</doc>
<status status="PASS" start="2025-12-12T17:09:30.922161" elapsed="0.048960"/>
</kw>
<kw name="Click Button" owner="SeleniumLibrary">
<msg time="2025-12-12T17:09:30.971642" level="INFO">Clicking button 'id=login-button'.</msg>
<arg>${LOGIN_BUTTON}</arg>
<doc>Clicks the button identified by ``locator``.</doc>
<status status="PASS" start="2025-12-12T17:09:30.971304" elapsed="0.040961"/>
</kw>
<arg>${Credentials}</arg>
<status status="PASS" start="2025-12-12T17:09:30.875620" elapsed="0.136848"/>
</kw>
<kw name="Verify &quot;Error message&quot; is displayed" owner="LoginPage">
<kw name="Wait Until Page Contains Element" owner="SeleniumLibrary">
<arg>${ERROR_MASSAGE}</arg>
<doc>Waits until the element ``locator`` appears on the current page.</doc>
<status status="PASS" start="2025-12-12T17:09:31.013354" elapsed="0.005064"/>
</kw>
<kw name="Wait Until Page Contains" owner="SeleniumLibrary">
<arg>${Credentials.ExpectedErrorMessage}</arg>
<doc>Waits until ``text`` appears on the current page.</doc>
<status status="PASS" start="2025-12-12T17:09:31.018603" elapsed="0.029206"/>
</kw>
<arg>${Credentials}</arg>
<status status="PASS" start="2025-12-12T17:09:31.012701" elapsed="0.035276"/>
</kw>
<arg>${INVALID_CREDENTIALS}</arg>
<status status="PASS" start="2025-12-12T17:09:30.812844" elapsed="0.235237"/>
</kw>
<kw name="Test multiple logins Scenarios" owner="SaucedemoApp">
<kw name="Navigate to &quot;Login&quot; page" owner="SaucedemoApp">
<kw name="Go to the &quot;Login&quot; page" owner="LoginPage">
<kw name="Go To" owner="SeleniumLibrary">
<msg time="2025-12-12T17:09:31.050133" level="INFO">Opening url 'https://www.saucedemo.com/'</msg>
<arg>${LOGIN_PAGE_URL.${ENVIRONMENT}}</arg>
<doc>Navigates the current browser window to the provided ``url``.</doc>
<status status="PASS" start="2025-12-12T17:09:31.049453" elapsed="0.020525"/>
</kw>
<status status="PASS" start="2025-12-12T17:09:31.049120" elapsed="0.021036"/>
</kw>
<kw name="Verify &quot;Login&quot; page loaded" owner="LoginPage">
<kw name="Wait Until Page Contains Element" owner="SeleniumLibrary">
<arg>${LOGIN_COMPONENT}</arg>
<doc>Waits until the element ``locator`` appears on the current page.</doc>
<status status="PASS" start="2025-12-12T17:09:31.070718" elapsed="0.006072"/>
</kw>
<kw name="Wait Until Page Contains Element" owner="SeleniumLibrary">
<arg>${USERNAME_FIELD}</arg>
<doc>Waits until the element ``locator`` appears on the current page.</doc>
<status status="PASS" start="2025-12-12T17:09:31.076993" elapsed="0.004141"/>
</kw>
<kw name="Wait Until Page Contains Element" owner="SeleniumLibrary">
<arg>${PASSWORD_FIELD}</arg>
<doc>Waits until the element ``locator`` appears on the current page.</doc>
<status status="PASS" start="2025-12-12T17:09:31.081326" elapsed="0.004753"/>
</kw>
<kw name="Wait Until Page Contains Element" owner="SeleniumLibrary">
<arg>${LOGIN_BUTTON}</arg>
<doc>Waits until the element ``locator`` appears on the current page.</doc>
<status status="PASS" start="2025-12-12T17:09:31.086271" elapsed="0.004181"/>
</kw>
<kw name="Wait Until Page Contains" owner="SeleniumLibrary">
<arg>${USERNAME_LIST}</arg>
<doc>Waits until ``text`` appears on the current page.</doc>
<status status="PASS" start="2025-12-12T17:09:31.090640" elapsed="0.004525"/>
</kw>
<kw name="Wait Until Page Contains" owner="SeleniumLibrary">
<arg>${PASSWORD_LIST}</arg>
<doc>Waits until ``text`` appears on the current page.</doc>
<status status="PASS" start="2025-12-12T17:09:31.095318" elapsed="0.004250"/>
</kw>
<status status="PASS" start="2025-12-12T17:09:31.070364" elapsed="0.029340"/>
</kw>
<status status="PASS" start="2025-12-12T17:09:31.048822" elapsed="0.050981"/>
</kw>
<kw name="Enter Credenials" owner="LoginPage">
<kw name="Run Keyword If" owner="BuiltIn">
<kw name="Input Text" owner="SeleniumLibrary">
<msg time="2025-12-12T17:09:31.101653" level="INFO">Typing text 'standard_user' into text field 'id=user-name'.</msg>
<arg>${USERNAME_FIELD}</arg>
<arg>${Credentials.Username}</arg>
<doc>Types the given ``text`` into the text field identified by ``locator``.</doc>
<status status="PASS" start="2025-12-12T17:09:31.101136" elapsed="0.046694"/>
</kw>
<arg>"${Credentials.Username}" != "#BLANK"</arg>
<arg>Input Text</arg>
<arg>${USERNAME_FIELD}</arg>
<arg>${Credentials.Username}</arg>
<doc>Runs the given keyword with the given arguments, if ``condition`` is true.</doc>
<status status="PASS" start="2025-12-12T17:09:31.100480" elapsed="0.047512"/>
</kw>
<kw name="Run Keyword If" owner="BuiltIn">
<arg>"${Credentials.Password}" != "#BLANK"</arg>
<arg>Input Text</arg>
<arg>${PASSWORD_FIELD}</arg>
<arg>${Credentials.Password}</arg>
<doc>Runs the given keyword with the given arguments, if ``condition`` is true.</doc>
<status status="PASS" start="2025-12-12T17:09:31.148160" elapsed="0.000579"/>
</kw>
<kw name="Click Button" owner="SeleniumLibrary">
<msg time="2025-12-12T17:09:31.149107" level="INFO">Clicking button 'id=login-button'.</msg>
<arg>${LOGIN_BUTTON}</arg>
<doc>Clicks the button identified by ``locator``.</doc>
<status status="PASS" start="2025-12-12T17:09:31.148876" elapsed="0.039144"/>
</kw>
<arg>${Credentials}</arg>
<status status="PASS" start="2025-12-12T17:09:31.100102" elapsed="0.088102"/>
</kw>
<kw name="Verify &quot;Error message&quot; is displayed" owner="LoginPage">
<kw name="Wait Until Page Contains Element" owner="SeleniumLibrary">
<arg>${ERROR_MASSAGE}</arg>
<doc>Waits until the element ``locator`` appears on the current page.</doc>
<status status="PASS" start="2025-12-12T17:09:31.188799" elapsed="0.004953"/>
</kw>
<kw name="Wait Until Page Contains" owner="SeleniumLibrary">
<arg>${Credentials.ExpectedErrorMessage}</arg>
<doc>Waits until ``text`` appears on the current page.</doc>
<status status="PASS" start="2025-12-12T17:09:31.193951" elapsed="0.008403"/>
</kw>
<arg>${Credentials}</arg>
<status status="PASS" start="2025-12-12T17:09:31.188404" elapsed="0.014093"/>
</kw>
<arg>${INVALID_CREDENTIALS_NO_PASSWORD}</arg>
<status status="PASS" start="2025-12-12T17:09:31.048383" elapsed="0.154202"/>
</kw>
<kw name="Test multiple logins Scenarios" owner="SaucedemoApp">
<kw name="Navigate to &quot;Login&quot; page" owner="SaucedemoApp">
<kw name="Go to the &quot;Login&quot; page" owner="LoginPage">
<kw name="Go To" owner="SeleniumLibrary">
<msg time="2025-12-12T17:09:31.208259" level="INFO">Opening url 'https://www.saucedemo.com/'</msg>
<arg>${LOGIN_PAGE_URL.${ENVIRONMENT}}</arg>
<doc>Navigates the current browser window to the provided ``url``.</doc>
<status status="PASS" start="2025-12-12T17:09:31.207479" elapsed="0.020190"/>
</kw>
<status status="PASS" start="2025-12-12T17:09:31.203504" elapsed="0.024379"/>
</kw>
<kw name="Verify &quot;Login&quot; page loaded" owner="LoginPage">
<kw name="Wait Until Page Contains Element" owner="SeleniumLibrary">
<arg>${LOGIN_COMPONENT}</arg>
<doc>Waits until the element ``locator`` appears on the current page.</doc>
<status status="PASS" start="2025-12-12T17:09:31.228506" elapsed="0.004646"/>
</kw>
<kw name="Wait Until Page Contains Element" owner="SeleniumLibrary">
<arg>${USERNAME_FIELD}</arg>
<doc>Waits until the element ``locator`` appears on the current page.</doc>
<status status="PASS" start="2025-12-12T17:09:31.233345" elapsed="0.004433"/>
</kw>
<kw name="Wait Until Page Contains Element" owner="SeleniumLibrary">
<arg>${PASSWORD_FIELD}</arg>
<doc>Waits until the element ``locator`` appears on the current page.</doc>
<status status="PASS" start="2025-12-12T17:09:31.237964" elapsed="0.005387"/>
</kw>
<kw name="Wait Until Page Contains Element" owner="SeleniumLibrary">
<arg>${LOGIN_BUTTON}</arg>
<doc>Waits until the element ``locator`` appears on the current page.</doc>
<status status="PASS" start="2025-12-12T17:09:31.243548" elapsed="0.004248"/>
</kw>
<kw name="Wait Until Page Contains" owner="SeleniumLibrary">
<arg>${USERNAME_LIST}</arg>
<doc>Waits until ``text`` appears on the current page.</doc>
<status status="PASS" start="2025-12-12T17:09:31.247976" elapsed="0.004503"/>
</kw>
<kw name="Wait Until Page Contains" owner="SeleniumLibrary">
<arg>${PASSWORD_LIST}</arg>
<doc>Waits until ``text`` appears on the current page.</doc>
<status status="PASS" start="2025-12-12T17:09:31.252621" elapsed="0.005251"/>
</kw>
<status status="PASS" start="2025-12-12T17:09:31.228110" elapsed="0.029945"/>
</kw>
<status status="PASS" start="2025-12-12T17:09:31.203244" elapsed="0.054946"/>
</kw>
<kw name="Enter Credenials" owner="LoginPage">
<kw name="Run Keyword If" owner="BuiltIn">
<arg>"${Credentials.Username}" != "#BLANK"</arg>
<arg>Input Text</arg>
<arg>${USERNAME_FIELD}</arg>
<arg>${Credentials.Username}</arg>
<doc>Runs the given keyword with the given arguments, if ``condition`` is true.</doc>
<status status="PASS" start="2025-12-12T17:09:31.258801" elapsed="0.000612"/>
</kw>
<kw name="Run Keyword If" owner="BuiltIn">
<kw name="Input Text" owner="SeleniumLibrary">
<msg time="2025-12-12T17:09:31.260732" level="INFO">Typing text 'secret_sauce' into text field 'id=password'.</msg>
<arg>${PASSWORD_FIELD}</arg>
<arg>${Credentials.Password}</arg>
<doc>Types the given ``text`` into the text field identified by ``locator``.</doc>
<status status="PASS" start="2025-12-12T17:09:31.260157" elapsed="0.045157"/>
</kw>
<arg>"${Credentials.Password}" != "#BLANK"</arg>
<arg>Input Text</arg>
<arg>${PASSWORD_FIELD}</arg>
<arg>${Credentials.Password}</arg>
<doc>Runs the given keyword with the given arguments, if ``condition`` is true.</doc>
<status status="PASS" start="2025-12-12T17:09:31.259560" elapsed="0.045929"/>
</kw>
<kw name="Click Button" owner="SeleniumLibrary">
<msg time="2025-12-12T17:09:31.306014" level="INFO">Clicking button 'id=login-button'.</msg>
<arg>${LOGIN_BUTTON}</arg>
<doc>Clicks the button identified by ``locator``.</doc>
<status status="PASS" start="2025-12-12T17:09:31.305687" elapsed="0.039334"/>
</kw>
<arg>${Credentials}</arg>
<status status="PASS" start="2025-12-12T17:09:31.258391" elapsed="0.086829"/>
</kw>
<kw name="Verify &quot;Error message&quot; is displayed" owner="LoginPage">
<kw name="Wait Until Page Contains Element" owner="SeleniumLibrary">
<arg>${ERROR_MASSAGE}</arg>
<doc>Waits until the element ``locator`` appears on the current page.</doc>
<status status="PASS" start="2025-12-12T17:09:31.345873" elapsed="0.004713"/>
</kw>
<kw name="Wait Until Page Contains" owner="SeleniumLibrary">
<arg>${Credentials.ExpectedErrorMessage}</arg>
<doc>Waits until ``text`` appears on the current page.</doc>
<status status="PASS" start="2025-12-12T17:09:31.350772" elapsed="0.007414"/>
</kw>
<arg>${Credentials}</arg>
<status status="PASS" start="2025-12-12T17:09:31.345444" elapsed="0.012910"/>
</kw>
<arg>${INVALID_CREDENTIALS_NO_USERNAME}</arg>
<status status="PASS" start="2025-12-12T17:09:31.202865" elapsed="0.155599"/>
</kw>
<kw name="Test multiple logins Scenarios" owner="SaucedemoApp">
<kw name="Navigate to &quot;Login&quot; page" owner="SaucedemoApp">
<kw name="Go to the &quot;Login&quot; page" owner="LoginPage">
<kw name="Go To" owner="SeleniumLibrary">
<msg time="2025-12-12T17:09:31.360585" level="INFO">Opening url 'https://www.saucedemo.com/'</msg>
<arg>${LOGIN_PAGE_URL.${ENVIRONMENT}}</arg>
<doc>Navigates the current browser window to the provided ``url``.</doc>
<status status="PASS" start="2025-12-12T17:09:31.360013" elapsed="0.020604"/>
</kw>
<status status="PASS" start="2025-12-12T17:09:31.359746" elapsed="0.021100"/>
</kw>
<kw name="Verify &quot;Login&quot; page loaded" owner="LoginPage">
<kw name="Wait Until Page Contains Element" owner="SeleniumLibrary">
<arg>${LOGIN_COMPONENT}</arg>
<doc>Waits until the element ``locator`` appears on the current page.</doc>
<status status="PASS" start="2025-12-12T17:09:31.381473" elapsed="0.004541"/>
</kw>
<kw name="Wait Until Page Contains Element" owner="SeleniumLibrary">
<arg>${USERNAME_FIELD}</arg>
<doc>Waits until the element ``locator`` appears on the current page.</doc>
<status status="PASS" start="2025-12-12T17:09:31.386271" elapsed="0.005066"/>
</kw>
<kw name="Wait Until Page Contains Element" owner="SeleniumLibrary">
<arg>${PASSWORD_FIELD}</arg>
<doc>Waits until the element ``locator`` appears on the current page.</doc>
<status status="PASS" start="2025-12-12T17:09:31.391605" elapsed="0.004483"/>
</kw>
<kw name="Wait Until Page Contains Element" owner="SeleniumLibrary">
<arg>${LOGIN_BUTTON}</arg>
<doc>Waits until the element ``locator`` appears on the current page.</doc>
<status status="PASS" start="2025-12-12T17:09:31.396284" elapsed="0.004089"/>
</kw>
<kw name="Wait Until Page Contains" owner="SeleniumLibrary">
<arg>${USERNAME_LIST}</arg>
<doc>Waits until ``text`` appears on the current page.</doc>
<status status="PASS" start="2025-12-12T17:09:31.400551" elapsed="0.004682"/>
</kw>
<kw name="Wait Until Page Contains" owner="SeleniumLibrary">
<arg>${PASSWORD_LIST}</arg>
<doc>Waits until ``text`` appears on the current page.</doc>
<status status="PASS" start="2025-12-12T17:09:31.405405" elapsed="0.004949"/>
</kw>
<status status="PASS" start="2025-12-12T17:09:31.381076" elapsed="0.029420"/>
</kw>
<status status="PASS" start="2025-12-12T17:09:31.359419" elapsed="0.051177"/>
</kw>
<kw name="Enter Credenials" owner="LoginPage">
<kw name="Run Keyword If" owner="BuiltIn">
<kw name="Input Text" owner="SeleniumLibrary">
<msg time="2025-12-12T17:09:31.412295" level="INFO">Typing text 'standard_user' into text field 'id=user-name'.</msg>
<arg>${USERNAME_FIELD}</arg>
<arg>${Credentials.Username}</arg>
<doc>Types the given ``text`` into the text field identified by ``locator``.</doc>
<status status="PASS" start="2025-12-12T17:09:31.411684" elapsed="0.047798"/>
</kw>
<arg>"${Credentials.Username}" != "#BLANK"</arg>
<arg>Input Text</arg>
<arg>${USERNAME_FIELD}</arg>
<arg>${Credentials.Username}</arg>
<doc>Runs the given keyword with the given arguments, if ``condition`` is true.</doc>
<status status="PASS" start="2025-12-12T17:09:31.411139" elapsed="0.048511"/>
</kw>
<kw name="Run Keyword If" owner="BuiltIn">
<kw name="Input Text" owner="SeleniumLibrary">
<msg time="2025-12-12T17:09:31.461044" level="INFO">Typing text 'wrong_password' into text field 'id=password'.</msg>
<arg>${PASSWORD_FIELD}</arg>
<arg>${Credentials.Password}</arg>
<doc>Types the given ``text`` into the text field identified by ``locator``.</doc>
<status status="PASS" start="2025-12-12T17:09:31.460510" elapsed="0.046106"/>
</kw>
<arg>"${Credentials.Password}" != "#BLANK"</arg>
<arg>Input Text</arg>
<arg>${PASSWORD_FIELD}</arg>
<arg>${Credentials.Password}</arg>
<doc>Runs the given keyword with the given arguments, if ``condition`` is true.</doc>
<status status="PASS" start="2025-12-12T17:09:31.459830" elapsed="0.046966"/>
</kw>
<kw name="Click Button" owner="SeleniumLibrary">
<msg time="2025-12-12T17:09:31.507309" level="INFO">Clicking button 'id=login-button'.</msg>
<arg>${LOGIN_BUTTON}</arg>
<doc>Clicks the button identified by ``locator``.</doc>
<status status="PASS" start="2025-12-12T17:09:31.506971" elapsed="0.038829"/>
</kw>
<arg>${Credentials}</arg>
<status status="PASS" start="2025-12-12T17:09:31.410786" elapsed="0.135192"/>
</kw>
<kw name="Verify &quot;Error message&quot; is displayed" owner="LoginPage">
<kw name="Wait Until Page Contains Element" owner="SeleniumLibrary">
<arg>${ERROR_MASSAGE}</arg>
<doc>Waits until the element ``locator`` appears on the current page.</doc>
<status status="PASS" start="2025-12-12T17:09:31.546575" elapsed="0.004851"/>
</kw>
<kw name="Wait Until Page Contains" owner="SeleniumLibrary">
<arg>${Credentials.ExpectedErrorMessage}</arg>
<doc>Waits until ``text`` appears on the current page.</doc>
<status status="PASS" start="2025-12-12T17:09:31.551608" elapsed="0.005656"/>
</kw>
<arg>${Credentials}</arg>
<status status="PASS" start="2025-12-12T17:09:31.546177" elapsed="0.011252"/>
</kw>
<arg>${INVALID_CREDENTIALS_INCORRECT_PASSWORD}</arg>
<status status="PASS" start="2025-12-12T17:09:31.358860" elapsed="0.198683"/>
</kw>
<kw name="End Web Test" owner="Common" type="TEARDOWN">
<kw name="Close All Browsers" owner="SeleniumLibrary">
<doc>Closes all open browsers and resets the browser cache.</doc>
<status status="PASS" start="2025-12-12T17:09:31.558320" elapsed="2.100190"/>
</kw>
<status status="PASS" start="2025-12-12T17:09:31.557963" elapsed="2.100777"/>
</kw>
<doc>Test verifies that logging in with invalid credentials displays correct error messages.</doc>
<tag>0003</tag>
<tag>LoginPage</tag>
<tag>Regression</tag>
<status status="PASS" start="2025-12-12T17:09:28.764506" elapsed="4.894496"/>
</test>
<doc>This file contains the test cases for the Saucedemo website.</doc>
<status status="PASS" start="2025-12-12T17:09:28.560473" elapsed="5.101997"/>
</suite>
<status status="PASS" start="2025-12-12T17:09:28.557880" elapsed="5.107173"/>
</suite>
<status status="PASS" start="2025-12-12T17:09:28.554480" elapsed="5.112801"/>
</suite>
<status status="PASS" start="2025-12-12T17:09:28.530960" elapsed="5.138378"/>
</suite>
<statistics>
<total>
<stat pass="1" fail="0" skip="0">All Tests</stat>
</total>
<tag>
<stat pass="1" fail="0" skip="0">0003</stat>
<stat pass="1" fail="0" skip="0">LoginPage</stat>
<stat pass="1" fail="0" skip="0">Regression</stat>
</tag>
<suite>
<stat name="Robot-Framework" id="s1" pass="1" fail="0" skip="0">Robot-Framework</stat>
<stat name="Login validation tests" id="s1-s1" pass="1" fail="0" skip="0">Robot-Framework.Login validation tests</stat>
<stat name="Tests" id="s1-s1-s1" pass="1" fail="0" skip="0">Robot-Framework.Login validation tests.Tests</stat>
<stat name="Saucedemo" id="s1-s1-s1-s1" pass="1" fail="0" skip="0">Robot-Framework.Login validation tests.Tests.Saucedemo</stat>
</suite>
</statistics>
<errors>
</errors>
</robot>
